{"level":"\u001b[32minfo\u001b[39m","message":"{\"method\":\"POST\",\"url\":\"/api/v1/auth/register\",\"status\":\"500\",\"responseTime\":\"15.298\"}","timestamp":"2025-03-26T18:02:20.318Z"}
{"level":"\u001b[32minfo\u001b[39m","message":"{\"method\":\"POST\",\"url\":\"/api/v1/auth/register\",\"status\":\"500\",\"responseTime\":\"7.246\"}","timestamp":"2025-03-26T18:04:41.275Z"}
{"level":"\u001b[32minfo\u001b[39m","message":"{\"method\":\"POST\",\"url\":\"/api/v1/auth/register\",\"status\":\"500\",\"responseTime\":\"2.925\"}","timestamp":"2025-03-26T18:05:27.508Z"}
{"level":"\u001b[32minfo\u001b[39m","message":"{\"method\":\"POST\",\"url\":\"/api/v1/auth/register\",\"status\":\"500\",\"responseTime\":\"3195.112\"}","timestamp":"2025-03-26T18:05:48.729Z"}
{"level":"\u001b[32minfo\u001b[39m","message":"{\"method\":\"POST\",\"url\":\"/api/v1/auth/register\",\"status\":\"400\",\"responseTime\":\"63.398\"}","timestamp":"2025-03-26T18:07:56.679Z"}
{"level":"\u001b[32minfo\u001b[39m","message":"{\"method\":\"POST\",\"url\":\"/api/v1/auth/register\",\"status\":\"500\",\"responseTime\":\"3376.180\"}","timestamp":"2025-03-26T18:10:18.954Z"}
{"level":"\u001b[32minfo\u001b[39m","message":"{\"method\":\"POST\",\"url\":\"/api/v1/auth/register\",\"status\":\"500\",\"responseTime\":\"3141.261\"}","timestamp":"2025-03-26T18:18:30.755Z"}
{"level":"\u001b[32minfo\u001b[39m","message":"{\"method\":\"POST\",\"url\":\"/api/v1/auth/register\",\"status\":\"500\",\"responseTime\":\"3149.977\"}","timestamp":"2025-03-26T18:20:04.555Z"}
{"level":"\u001b[32minfo\u001b[39m","message":"{\"method\":\"POST\",\"url\":\"/api/v1/auth/register\",\"status\":\"500\",\"responseTime\":\"3312.813\"}","timestamp":"2025-03-26T18:21:40.917Z"}
{"level":"\u001b[32minfo\u001b[39m","message":"{\"method\":\"POST\",\"url\":\"/api/v1/auth/register\",\"status\":\"500\",\"responseTime\":\"3476.596\"}","timestamp":"2025-03-27T12:53:47.385Z"}
{"level":"\u001b[32minfo\u001b[39m","message":"{\"method\":\"POST\",\"url\":\"/api/v1/auth/register\",\"status\":\"200\",\"responseTime\":\"7403.381\"}","timestamp":"2025-03-27T12:59:48.322Z"}
{"level":"\u001b[32minfo\u001b[39m","message":"{\"method\":\"POST\",\"url\":\"/api/v1/auth/login\",\"status\":\"400\",\"responseTime\":\"14.125\"}","timestamp":"2025-03-27T13:01:48.529Z"}
{"level":"\u001b[32minfo\u001b[39m","message":"{\"method\":\"POST\",\"url\":\"/api/v1/auth/login\",\"status\":\"400\",\"responseTime\":\"2.182\"}","timestamp":"2025-03-27T13:02:00.942Z"}
{"level":"\u001b[32minfo\u001b[39m","message":"{\"method\":\"POST\",\"url\":\"/api/v1/auth/login\",\"status\":\"400\",\"responseTime\":\"1.866\"}","timestamp":"2025-03-27T13:02:05.226Z"}
{"level":"\u001b[32minfo\u001b[39m","message":"{\"method\":\"POST\",\"url\":\"/api/v1/auth/login\",\"status\":\"200\",\"responseTime\":\"76.094\"}","timestamp":"2025-03-27T13:02:27.684Z"}
{"level":"\u001b[32minfo\u001b[39m","message":"{\"method\":\"POST\",\"url\":\"/api/v1/auth/register\",\"status\":\"200\",\"responseTime\":\"7908.764\"}","timestamp":"2025-03-27T13:06:46.529Z"}
{"level":"\u001b[32minfo\u001b[39m","message":"{\"method\":\"POST\",\"url\":\"/api/v1/auth/register\",\"status\":\"500\",\"responseTime\":\"17.547\"}","timestamp":"2025-03-28T07:28:37.734Z"}
{"level":"\u001b[32minfo\u001b[39m","message":"{\"method\":\"POST\",\"url\":\"/api/v1/auth/register\",\"status\":\"500\",\"responseTime\":\"3.036\"}","timestamp":"2025-03-28T07:29:50.609Z"}
{"level":"\u001b[32minfo\u001b[39m","message":"{\"method\":\"POST\",\"url\":\"/api/v1/auth/register\",\"status\":\"500\",\"responseTime\":\"8.753\"}","timestamp":"2025-03-28T07:40:16.511Z"}
{"level":"\u001b[32minfo\u001b[39m","message":"{\"method\":\"POST\",\"url\":\"/api/v1/auth/register\",\"status\":\"500\",\"responseTime\":\"3.811\"}","timestamp":"2025-03-28T07:40:19.010Z"}
{"level":"\u001b[32minfo\u001b[39m","message":"{\"method\":\"POST\",\"url\":\"/api/v1/auth/register\",\"status\":\"500\",\"responseTime\":\"3.082\"}","timestamp":"2025-03-28T07:40:20.091Z"}
{"level":"\u001b[32minfo\u001b[39m","message":"{\"method\":\"POST\",\"url\":\"/api/v1/auth/register\",\"status\":\"500\",\"responseTime\":\"11.520\"}","timestamp":"2025-03-28T14:50:45.120Z"}
{"level":"\u001b[32minfo\u001b[39m","message":"{\"method\":\"POST\",\"url\":\"/api/v1/auth/register\",\"status\":\"200\",\"responseTime\":\"7352.509\"}","timestamp":"2025-03-28T14:53:52.690Z"}
{"level":"\u001b[32minfo\u001b[39m","message":"{\"method\":\"POST\",\"url\":\"/api/v1/auth/register\",\"status\":\"500\",\"responseTime\":\"12.074\"}","timestamp":"2025-03-28T14:56:26.011Z"}
{"level":"\u001b[32minfo\u001b[39m","message":"{\"method\":\"POST\",\"url\":\"/api/v1/auth/register\",\"status\":\"500\",\"responseTime\":\"2.307\"}","timestamp":"2025-03-28T14:56:41.445Z"}
{"level":"\u001b[32minfo\u001b[39m","message":"{\"method\":\"POST\",\"url\":\"/api/v1/auth/register\",\"status\":\"500\",\"responseTime\":\"2.021\"}","timestamp":"2025-03-28T14:56:42.284Z"}
{"level":"\u001b[32minfo\u001b[39m","message":"{\"method\":\"POST\",\"url\":\"/api/v1/auth/register\",\"status\":\"500\",\"responseTime\":\"1.250\"}","timestamp":"2025-03-28T14:56:47.149Z"}
{"level":"\u001b[32minfo\u001b[39m","message":"{\"method\":\"POST\",\"url\":\"/api/v1/auth/register\",\"status\":\"500\",\"responseTime\":\"0.751\"}","timestamp":"2025-03-28T14:56:55.556Z"}
{"level":"\u001b[32minfo\u001b[39m","message":"{\"method\":\"POST\",\"url\":\"/api/v1/auth/register\",\"status\":\"500\",\"responseTime\":\"1.156\"}","timestamp":"2025-03-28T14:56:56.423Z"}
{"level":"\u001b[32minfo\u001b[39m","message":"{\"method\":\"POST\",\"url\":\"/api/v1/auth/register\",\"status\":\"500\",\"responseTime\":\"0.673\"}","timestamp":"2025-03-28T14:56:56.948Z"}
{"level":"\u001b[32minfo\u001b[39m","message":"{\"method\":\"POST\",\"url\":\"/api/v1/auth/register\",\"status\":\"500\",\"responseTime\":\"6.565\"}","timestamp":"2025-03-28T14:59:30.451Z"}
{"level":"\u001b[32minfo\u001b[39m","message":"{\"method\":\"POST\",\"url\":\"/api/v1/auth/register\",\"status\":\"500\",\"responseTime\":\"1.167\"}","timestamp":"2025-03-28T14:59:51.332Z"}
{"level":"\u001b[32minfo\u001b[39m","message":"{\"method\":\"POST\",\"url\":\"/api/v1/auth/register\",\"status\":\"500\",\"responseTime\":\"6.216\"}","timestamp":"2025-03-28T15:00:55.292Z"}
{"level":"\u001b[32minfo\u001b[39m","message":"{\"method\":\"POST\",\"url\":\"/api/v1/auth/register\",\"status\":\"500\",\"responseTime\":\"5.402\"}","timestamp":"2025-03-28T15:01:38.147Z"}
{"level":"\u001b[32minfo\u001b[39m","message":"{\"method\":\"POST\",\"url\":\"/api/v1/auth/register\",\"status\":\"400\",\"responseTime\":\"15.003\"}","timestamp":"2025-03-28T15:01:49.850Z"}
{"level":"\u001b[32minfo\u001b[39m","message":"{\"method\":\"POST\",\"url\":\"/api/v1/auth/register\",\"status\":\"400\",\"responseTime\":\"4.785\"}","timestamp":"2025-03-28T15:01:52.762Z"}
{"level":"\u001b[32minfo\u001b[39m","message":"{\"method\":\"POST\",\"url\":\"/api/v1/auth/register\",\"status\":\"500\",\"responseTime\":\"2.989\"}","timestamp":"2025-03-28T15:03:03.724Z"}
{"level":"\u001b[32minfo\u001b[39m","message":"{\"method\":\"POST\",\"url\":\"/api/v1/auth/register\",\"status\":\"400\",\"responseTime\":\"3.750\"}","timestamp":"2025-03-28T15:03:09.996Z"}
{"level":"\u001b[32minfo\u001b[39m","message":"{\"method\":\"POST\",\"url\":\"/api/v1/auth/register\",\"status\":\"400\",\"responseTime\":\"2.824\"}","timestamp":"2025-03-28T15:03:17.938Z"}
{"level":"\u001b[32minfo\u001b[39m","message":"{\"method\":\"POST\",\"url\":\"/api/v1/auth/register\",\"status\":\"400\",\"responseTime\":\"2.646\"}","timestamp":"2025-03-28T15:03:26.731Z"}
{"level":"\u001b[32minfo\u001b[39m","message":"{\"method\":\"POST\",\"url\":\"/api/v1/auth/verifyEmail\",\"status\":\"500\",\"responseTime\":\"31.421\"}","timestamp":"2025-03-28T15:04:54.974Z"}
{"level":"\u001b[32minfo\u001b[39m","message":"{\"method\":\"POST\",\"url\":\"/api/v1/auth/verifyEmail\",\"status\":\"500\",\"responseTime\":\"29.850\"}","timestamp":"2025-03-28T15:09:42.078Z"}
{"level":"\u001b[32minfo\u001b[39m","message":"{\"method\":\"POST\",\"url\":\"/api/v1/auth/verifyEmail\",\"status\":\"201\",\"responseTime\":\"46.554\"}","timestamp":"2025-03-28T15:12:58.556Z"}
{"level":"\u001b[32minfo\u001b[39m","message":"{\"method\":\"POST\",\"url\":\"/api/v1/auth/verifyEmail\",\"status\":\"401\",\"responseTime\":\"12.200\"}","timestamp":"2025-03-28T15:13:17.316Z"}
{"level":"\u001b[32minfo\u001b[39m","message":"{\"method\":\"POST\",\"url\":\"/api/v1/auth/verifyEmail\",\"status\":\"401\",\"responseTime\":\"17.907\"}","timestamp":"2025-03-28T15:14:55.083Z"}
{"level":"\u001b[32minfo\u001b[39m","message":"{\"method\":\"POST\",\"url\":\"/api/v1/auth/verifyEmail\",\"status\":\"401\",\"responseTime\":\"1.067\"}","timestamp":"2025-03-28T15:14:57.054Z"}
{"level":"\u001b[32minfo\u001b[39m","message":"{\"method\":\"POST\",\"url\":\"/api/v1/auth/register\",\"status\":\"200\",\"responseTime\":\"7334.276\"}","timestamp":"2025-03-28T15:22:41.740Z"}
{"level":"\u001b[32minfo\u001b[39m","message":"{\"method\":\"POST\",\"url\":\"/api/v1/auth/verifyEmail\",\"status\":\"201\",\"responseTime\":\"23.576\"}","timestamp":"2025-03-28T15:23:32.935Z"}
{"level":"\u001b[32minfo\u001b[39m","message":"{\"method\":\"GET\",\"url\":\"/api/v1/auth/userData\",\"status\":\"404\",\"responseTime\":\"4.272\"}","timestamp":"2025-03-28T15:25:24.933Z"}
{"level":"\u001b[32minfo\u001b[39m","message":"{\"method\":\"GET\",\"url\":\"/api/v1/auth/getUserData\",\"status\":\"401\",\"responseTime\":\"1.963\"}","timestamp":"2025-03-28T15:25:52.673Z"}
{"level":"\u001b[32minfo\u001b[39m","message":"{\"method\":\"GET\",\"url\":\"/api/v1/auth/login\",\"status\":\"404\",\"responseTime\":\"1.017\"}","timestamp":"2025-03-28T15:26:05.454Z"}
{"level":"\u001b[32minfo\u001b[39m","message":"{\"method\":\"POST\",\"url\":\"/api/v1/auth/login\",\"status\":\"500\",\"responseTime\":\"1.682\"}","timestamp":"2025-03-28T15:26:34.736Z"}
{"level":"\u001b[32minfo\u001b[39m","message":"{\"method\":\"POST\",\"url\":\"/api/v1/auth/login\",\"status\":\"500\",\"responseTime\":\"0.853\"}","timestamp":"2025-03-28T15:26:50.923Z"}
{"level":"\u001b[32minfo\u001b[39m","message":"{\"method\":\"POST\",\"url\":\"/api/v1/auth/login\",\"status\":\"200\",\"responseTime\":\"69.036\"}","timestamp":"2025-03-28T15:27:17.554Z"}
{"level":"\u001b[32minfo\u001b[39m","message":"{\"method\":\"POST\",\"url\":\"/api/v1/auth/login\",\"status\":\"200\",\"responseTime\":\"77.384\"}","timestamp":"2025-03-28T15:28:02.705Z"}
{"level":"\u001b[32minfo\u001b[39m","message":"{\"method\":\"POST\",\"url\":\"/api/v1/auth/login\",\"status\":\"400\",\"responseTime\":\"1.977\"}","timestamp":"2025-03-28T15:28:07.265Z"}
{"level":"\u001b[32minfo\u001b[39m","message":"{\"method\":\"POST\",\"url\":\"/api/v1/auth/login\",\"status\":\"200\",\"responseTime\":\"74.903\"}","timestamp":"2025-03-28T15:28:13.644Z"}
{"level":"\u001b[32minfo\u001b[39m","message":"{\"method\":\"POST\",\"url\":\"/api/v1/auth/login\",\"status\":\"200\",\"responseTime\":\"96.877\"}","timestamp":"2025-03-28T15:28:43.501Z"}
{"level":"\u001b[32minfo\u001b[39m","message":"{\"method\":\"POST\",\"url\":\"/api/v1/auth/register\",\"status\":\"200\",\"responseTime\":\"8065.476\"}","timestamp":"2025-03-28T15:37:53.215Z"}
{"level":"\u001b[32minfo\u001b[39m","message":"{\"method\":\"POST\",\"url\":\"/api/v1/auth/login\",\"status\":\"400\",\"responseTime\":\"20.553\"}","timestamp":"2025-03-28T17:00:59.488Z"}
{"level":"\u001b[32minfo\u001b[39m","message":"{\"method\":\"POST\",\"url\":\"/api/v1/auth/login\",\"status\":\"200\",\"responseTime\":\"72.204\"}","timestamp":"2025-03-28T17:01:26.883Z"}
{"level":"\u001b[32minfo\u001b[39m","message":"{\"method\":\"GET\",\"url\":\"/api/v1/auth/getUserData\",\"status\":\"401\",\"responseTime\":\"13.648\"}","timestamp":"2025-03-28T17:03:00.487Z"}
{"level":"\u001b[32minfo\u001b[39m","message":"{\"method\":\"GET\",\"url\":\"/api/v1/auth/getUserData\",\"status\":\"401\",\"responseTime\":\"3.093\"}","timestamp":"2025-03-28T17:03:05.102Z"}
{"level":"\u001b[32minfo\u001b[39m","message":"{\"method\":\"GET\",\"url\":\"/api/v1/auth/getUserData\",\"status\":\"401\",\"responseTime\":\"1.945\"}","timestamp":"2025-03-28T17:03:07.302Z"}
{"level":"\u001b[32minfo\u001b[39m","message":"{\"method\":\"GET\",\"url\":\"/api/v1/auth/getUserData\",\"status\":\"401\",\"responseTime\":\"1.707\"}","timestamp":"2025-03-28T17:03:37.506Z"}
{"level":"\u001b[32minfo\u001b[39m","message":"{\"method\":\"POST\",\"url\":\"/api/v1/auth/login\",\"status\":\"200\",\"responseTime\":\"75.444\"}","timestamp":"2025-03-28T17:04:07.803Z"}
{"level":"\u001b[32minfo\u001b[39m","message":"{\"method\":\"GET\",\"url\":\"/api/v1/auth/getUserData\",\"status\":\"401\",\"responseTime\":\"1.576\"}","timestamp":"2025-03-28T17:05:20.994Z"}
{"level":"\u001b[32minfo\u001b[39m","message":"{\"method\":\"GET\",\"url\":\"/api/v1/auth/getUserData\",\"status\":\"401\",\"responseTime\":\"13.403\"}","timestamp":"2025-03-28T17:06:20.529Z"}
{"level":"\u001b[32minfo\u001b[39m","message":"{\"method\":\"POST\",\"url\":\"/api/v1/auth/login\",\"status\":\"200\",\"responseTime\":\"84.409\"}","timestamp":"2025-03-28T17:10:14.264Z"}
{"level":"\u001b[32minfo\u001b[39m","message":"{\"method\":\"GET\",\"url\":\"/api/v1/auth/getUserData\",\"status\":\"500\",\"responseTime\":\"20.252\"}","timestamp":"2025-03-28T17:10:32.366Z"}
{"level":"\u001b[32minfo\u001b[39m","message":"{\"method\":\"GET\",\"url\":\"/api/v1/auth/getUserData\",\"status\":\"500\",\"responseTime\":\"60.947\"}","timestamp":"2025-03-28T17:13:17.050Z"}
{"level":"\u001b[32minfo\u001b[39m","message":"{\"method\":\"POST\",\"url\":\"/api/v1/auth/login\",\"status\":\"200\",\"responseTime\":\"100.872\"}","timestamp":"2025-03-28T17:13:41.664Z"}
{"Projects":[],"avatar":{"id":"8f44eaaf-a70b-4011-9d69-d0f50e39fcee","public_id":"circuitBuidleAi/kakxia8smt7nejdnd6wz","url":"http://res.cloudinary.com/dmukd20p0/image/upload/v1743176268/circuitBuidleAi/kakxia8smt7nejdnd6wz.png","userId":"b086aeca-98e0-4aed-b158-24c80f844e80"},"createdAt":"2025-03-28T15:37:49.068Z","credits":10,"email":"124ramankumar@gmail.com","fullName":"$Colleen Hartmann","id":"b086aeca-98e0-4aed-b158-24c80f844e80","isEmailVerified":false,"level":"\u001b[32minfo\u001b[39m","message":"populated contacts of user","timestamp":"2025-03-28T17:13:57.224Z","updatedAt":"2025-03-28T17:13:41.654Z"}
{"level":"\u001b[32minfo\u001b[39m","message":"{\"method\":\"GET\",\"url\":\"/api/v1/auth/getUserData\",\"status\":\"200\",\"responseTime\":\"7.703\"}","timestamp":"2025-03-28T17:13:57.226Z"}
{"Projects":[],"avatar":{"id":"8f44eaaf-a70b-4011-9d69-d0f50e39fcee","public_id":"circuitBuidleAi/kakxia8smt7nejdnd6wz","url":"http://res.cloudinary.com/dmukd20p0/image/upload/v1743176268/circuitBuidleAi/kakxia8smt7nejdnd6wz.png","userId":"b086aeca-98e0-4aed-b158-24c80f844e80"},"createdAt":"2025-03-28T15:37:49.068Z","credits":10,"email":"124ramankumar@gmail.com","fullName":"$Colleen Hartmann","id":"b086aeca-98e0-4aed-b158-24c80f844e80","isEmailVerified":false,"level":"\u001b[32minfo\u001b[39m","message":"populated contacts of user","timestamp":"2025-03-28T17:13:59.267Z","updatedAt":"2025-03-28T17:13:41.654Z"}
{"level":"\u001b[32minfo\u001b[39m","message":"{\"method\":\"GET\",\"url\":\"/api/v1/auth/getUserData\",\"status\":\"200\",\"responseTime\":\"6.446\"}","timestamp":"2025-03-28T17:13:59.268Z"}
{"level":"\u001b[32minfo\u001b[39m","message":"{\"method\":\"POST\",\"url\":\"/api/v1/auth/resendEmail\",\"status\":\"204\",\"responseTime\":\"5008.236\"}","timestamp":"2025-03-28T17:14:50.858Z"}
{"level":"\u001b[32minfo\u001b[39m","message":"{\"method\":\"POST\",\"url\":\"/api/v1/auth/verifyEmail\",\"status\":\"201\",\"responseTime\":\"16.484\"}","timestamp":"2025-03-28T17:15:23.726Z"}
{"Projects":[],"avatar":{"id":"8f44eaaf-a70b-4011-9d69-d0f50e39fcee","public_id":"circuitBuidleAi/kakxia8smt7nejdnd6wz","url":"http://res.cloudinary.com/dmukd20p0/image/upload/v1743176268/circuitBuidleAi/kakxia8smt7nejdnd6wz.png","userId":"b086aeca-98e0-4aed-b158-24c80f844e80"},"createdAt":"2025-03-28T15:37:49.068Z","credits":10,"email":"124ramankumar@gmail.com","fullName":"$Colleen Hartmann","id":"b086aeca-98e0-4aed-b158-24c80f844e80","isEmailVerified":true,"level":"\u001b[32minfo\u001b[39m","message":"populated contacts of user","timestamp":"2025-03-28T17:15:41.086Z","updatedAt":"2025-03-28T17:15:23.721Z"}
{"level":"\u001b[32minfo\u001b[39m","message":"{\"method\":\"GET\",\"url\":\"/api/v1/auth/getUserData\",\"status\":\"200\",\"responseTime\":\"9.384\"}","timestamp":"2025-03-28T17:15:41.088Z"}
{"level":"\u001b[32minfo\u001b[39m","message":"{\"method\":\"POST\",\"url\":\"/api/v1/auth/forgotPassword\",\"status\":\"200\",\"responseTime\":\"26.702\"}","timestamp":"2025-03-28T17:16:25.680Z"}
{"level":"\u001b[32minfo\u001b[39m","message":"{\"method\":\"POST\",\"url\":\"/api/v1/auth/forgotPassword\",\"status\":\"200\",\"responseTime\":\"21.029\"}","timestamp":"2025-03-28T17:17:05.016Z"}
{"level":"\u001b[32minfo\u001b[39m","message":"{\"method\":\"POST\",\"url\":\"/api/v1/auth/verifyForgotPassword\",\"status\":\"404\",\"responseTime\":\"1.060\"}","timestamp":"2025-03-28T17:18:12.791Z"}
{"level":"\u001b[32minfo\u001b[39m","message":"{\"method\":\"POST\",\"url\":\"/api/v1/auth/verifyForgotPasswordOtp\",\"status\":\"401\",\"responseTime\":\"2.006\"}","timestamp":"2025-03-28T17:18:49.488Z"}
{"level":"\u001b[32minfo\u001b[39m","message":"{\"method\":\"POST\",\"url\":\"/api/v1/auth/verifyForgotPasswordOtp\",\"status\":\"401\",\"responseTime\":\"2.020\"}","timestamp":"2025-03-28T17:18:56.577Z"}
{"Projects":[],"avatar":{"id":"8f44eaaf-a70b-4011-9d69-d0f50e39fcee","public_id":"circuitBuidleAi/kakxia8smt7nejdnd6wz","url":"http://res.cloudinary.com/dmukd20p0/image/upload/v1743176268/circuitBuidleAi/kakxia8smt7nejdnd6wz.png","userId":"b086aeca-98e0-4aed-b158-24c80f844e80"},"createdAt":"2025-03-28T15:37:49.068Z","credits":10,"email":"124ramankumar@gmail.com","fullName":"$Colleen Hartmann","id":"b086aeca-98e0-4aed-b158-24c80f844e80","isEmailVerified":true,"level":"\u001b[32minfo\u001b[39m","message":"populated contacts of user","timestamp":"2025-03-28T17:19:03.885Z","updatedAt":"2025-03-28T17:17:04.997Z"}
{"level":"\u001b[32minfo\u001b[39m","message":"{\"method\":\"GET\",\"url\":\"/api/v1/auth/getUserData\",\"status\":\"200\",\"responseTime\":\"10.414\"}","timestamp":"2025-03-28T17:19:03.886Z"}
{"level":"\u001b[32minfo\u001b[39m","message":"{\"method\":\"POST\",\"url\":\"/api/v1/auth/verifyForgotPasswordOtp\",\"status\":\"401\",\"responseTime\":\"2.556\"}","timestamp":"2025-03-28T17:19:33.744Z"}
{"level":"\u001b[32minfo\u001b[39m","message":"{\"method\":\"POST\",\"url\":\"/api/v1/auth/verifyForgotPasswordOtp\",\"status\":\"401\",\"responseTime\":\"2.231\"}","timestamp":"2025-03-28T17:21:35.202Z"}
{"level":"\u001b[32minfo\u001b[39m","message":"{\"method\":\"POST\",\"url\":\"/api/v1/auth/forgotPassword\",\"status\":\"200\",\"responseTime\":\"19.346\"}","timestamp":"2025-03-28T17:21:54.762Z"}
{"level":"\u001b[32minfo\u001b[39m","message":"{\"method\":\"POST\",\"url\":\"/api/v1/auth/forgotPassword\",\"status\":\"200\",\"responseTime\":\"64.290\"}","timestamp":"2025-03-28T17:24:51.101Z"}
{"level":"\u001b[32minfo\u001b[39m","message":"{\"method\":\"POST\",\"url\":\"/api/v1/auth/forgotPassword\",\"status\":\"200\",\"responseTime\":\"65.372\"}","timestamp":"2025-03-28T17:26:17.812Z"}
{"level":"\u001b[32minfo\u001b[39m","message":"{\"method\":\"POST\",\"url\":\"/api/v1/auth/forgotPassword\",\"status\":\"500\",\"responseTime\":\"1.832\"}","timestamp":"2025-03-28T17:27:43.101Z"}
{"level":"\u001b[32minfo\u001b[39m","message":"{\"method\":\"POST\",\"url\":\"/api/v1/auth/verifyForgotPasswordOtp\",\"status\":\"201\",\"responseTime\":\"7.542\"}","timestamp":"2025-03-28T17:27:56.732Z"}
{"level":"\u001b[32minfo\u001b[39m","message":"{\"method\":\"POST\",\"url\":\"/api/v1/circuit/enhance-prompt?prompt=create%20a%20circuit%20of%2010%20leds%20connected%20in%20series\",\"status\":\"400\",\"responseTime\":\"2.944\"}","timestamp":"2025-03-28T17:44:49.082Z"}
{"level":"\u001b[32minfo\u001b[39m","message":"{\"method\":\"POST\",\"url\":\"/api/v1/circuit/enhance-prompt\",\"status\":\"201\",\"responseTime\":\"2627.421\"}","timestamp":"2025-03-28T17:46:07.929Z"}
{"level":"\u001b[32minfo\u001b[39m","message":"{\"method\":\"POST\",\"url\":\"/api/v1/circuit/create-circuit\",\"status\":\"201\",\"responseTime\":\"17966.238\"}","timestamp":"2025-03-28T17:46:57.594Z"}
